root:/root
daemon:/usr/sbin
bin:/bin
sys:/dev
sync:/bin
games:/usr/games
man:/var/cache/man
lp:/var/spool/lpd
mail:/var/mail
news:/var/spool/news
uucp:/var/spool/uucp
proxy:/bin
www-data:/var/www
backup:/var/backups
list:/var/list
irc:/run/ircd
gnats:/var/lib/gnats
nobody:/nonexistent
systemd-network:/run/systemd
systemd-resolve:/run/systemd
systemd-timesync:/run/systemd
messagebus:/nonexistent
syslog:/home/syslog
_apt:/nonexistent
tss:/var/lib/tpm
uuidd:/run/uuidd
tcpdump:/nonexistent
sshd:/run/sshd
pollinate:/var/cache/pollinate
landscape:/var/lib/landscape
systemd-coredump:/
ubuntu:/home/ubuntu
lxd:/var/snap/lxd/common/lxd
michael:/home/michael
